<?xml version="1.0" encoding="UTF-8"?>
<testng-results ignored="0" total="3" passed="3" failed="0" skipped="0">
  <reporter-output>
  </reporter-output>
  <suite started-at="2021-12-14T01:38:53Z" name="Default suite" finished-at="2021-12-14T01:39:18Z" duration-ms="25817">
    <groups>
    </groups>
    <test started-at="2021-12-14T01:38:53Z" name="Default test" finished-at="2021-12-14T01:39:18Z" duration-ms="25817">
      <class name="LoginPage">
        <test-method is-config="true" signature="firstTest()[pri:0, instance:LoginPage@687e99d8]" started-at="2021-12-14T01:38:53Z" name="firstTest" finished-at="2021-12-14T01:39:18Z" duration-ms="25640" status="PASS">
          <reporter-output>
          </reporter-output>
        </test-method> <!-- firstTest -->
        <test-method signature="Test2()[pri:0, instance:LoginPage@687e99d8]" started-at="2021-12-14T01:39:18Z" name="Test2" finished-at="2021-12-14T01:39:18Z" duration-ms="99" status="PASS">
          <reporter-output>
          </reporter-output>
        </test-method> <!-- Test2 -->
        <test-method signature="get()[pri:0, instance:LoginPage@687e99d8]" started-at="2021-12-14T01:39:18Z" name="get" finished-at="2021-12-14T01:39:18Z" duration-ms="2" status="PASS">
          <reporter-output>
          </reporter-output>
        </test-method> <!-- get -->
        <test-method signature="test4()[pri:0, instance:LoginPage@687e99d8]" started-at="2021-12-14T01:39:18Z" name="test4" finished-at="2021-12-14T01:39:18Z" duration-ms="14" status="PASS">
          <reporter-output>
          </reporter-output>
        </test-method> <!-- test4 -->
      </class> <!-- LoginPage -->
    </test> <!-- Default test -->
  </suite> <!-- Default suite -->
</testng-results>
